<?xml version="1.0" encoding="UTF-8"?>
<testsuite xmlns:xsi="http://www.w3.org/2001/XMLSchema-instance" xsi:noNamespaceSchemaLocation="https://maven.apache.org/surefire/maven-surefire-plugin/xsd/surefire-test-report-3.0.xsd" version="3.0" name="ec.edu.epn.git.calculator.CalculatorParametersTest" time="0.054" tests="6" errors="0" skipped="0" failures="0">
  <properties>
[...]
</properties>
  <testcase name="given_two_integers_when_addition_then_correct_result[0]" classname="ec.edu.epn.git.calculator.CalculatorParametersTest" time="0.003"/>
  <testcase name="given_two_integers_when_addition_then_correct_result[1]" classname="ec.edu.epn.git.calculator.CalculatorParametersTest" time="0.0"/>
  <testcase name="given_two_integers_when_addition_then_correct_result[2]" classname="ec.edu.epn.git.calculator.CalculatorParametersTest" time="0.0"/>
  <testcase name="given_two_integers_when_addition_then_correct_result[3]" classname="ec.edu.epn.git.calculator.CalculatorParametersTest" time="0.0"/>
  <testcase name="given_two_integers_when_addition_then_correct_result[4]" classname="ec.edu.epn.git.calculator.CalculatorParametersTest" time="0.0"/>
  <testcase name="given_two_integers_when_addition_then_correct_result[5]" classname="ec.edu.epn.git.calculator.CalculatorParametersTest" time="0.0"/>
</testsuite>